0 info it worked if it ends with ok
1 verbose cli [ '/usr/bin/node', '/usr/bin/npm', 'install', '-g', 'jshint' ]
2 info using npm@1.3.2
3 info using node@v0.10.13
4 verbose node symlink /usr/bin/node
5 verbose cache add [ 'jshint', null ]
6 verbose cache add name=undefined spec="jshint" args=["jshint",null]
7 verbose parsed url { protocol: null,
7 verbose parsed url   slashes: null,
7 verbose parsed url   auth: null,
7 verbose parsed url   host: null,
7 verbose parsed url   port: null,
7 verbose parsed url   hostname: null,
7 verbose parsed url   hash: null,
7 verbose parsed url   search: null,
7 verbose parsed url   query: null,
7 verbose parsed url   pathname: 'jshint',
7 verbose parsed url   path: 'jshint',
7 verbose parsed url   href: 'jshint' }
8 silly lockFile da5c03cb-jshint jshint
9 verbose lock jshint /home/ubuntu/.npm/da5c03cb-jshint.lock
10 silly lockFile da5c03cb-jshint jshint
11 silly lockFile da5c03cb-jshint jshint
12 verbose addNamed [ 'jshint', '' ]
13 verbose addNamed [ null, '*' ]
14 silly lockFile a02a2468-jshint jshint@
15 verbose lock jshint@ /home/ubuntu/.npm/a02a2468-jshint.lock
16 silly addNameRange { name: 'jshint', range: '*', hasData: false }
17 verbose url raw jshint
18 verbose url resolving [ 'https://registry.npmjs.org/', './jshint' ]
19 verbose url resolved https://registry.npmjs.org/jshint
20 info trying registry request attempt 1 at 07:04:19
21 verbose etag "2L9ZAUO3MTMIDUAM7JYIUUB5C"
22 http GET https://registry.npmjs.org/jshint
23 http 200 https://registry.npmjs.org/jshint
24 silly registry.get cb [ 200,
24 silly registry.get   { vary: 'Accept',
24 silly registry.get     server: 'CouchDB/1.3.0 (Erlang OTP/R15B03)',
24 silly registry.get     etag: '"7TMQJX8N0UZ1GM5IEKAYCUZXA"',
24 silly registry.get     date: 'Thu, 11 Jul 2013 07:04:20 GMT',
24 silly registry.get     'content-type': 'application/json',
24 silly registry.get     'content-length': '141012' } ]
25 silly addNameRange number 2 { name: 'jshint', range: '*', hasData: true }
26 silly addNameRange versions [ 'jshint',
26 silly addNameRange   [ '0.1.8',
26 silly addNameRange     '0.1.9',
26 silly addNameRange     '0.2.0',
26 silly addNameRange     '0.2.1',
26 silly addNameRange     '0.2.2',
26 silly addNameRange     '0.2.3',
26 silly addNameRange     '0.3.0',
26 silly addNameRange     '0.3.1',
26 silly addNameRange     '0.4.0',
26 silly addNameRange     '0.5.0',
26 silly addNameRange     '0.5.1',
26 silly addNameRange     '0.5.2',
26 silly addNameRange     '0.5.3',
26 silly addNameRange     '0.5.4',
26 silly addNameRange     '0.5.5',
26 silly addNameRange     '0.5.6',
26 silly addNameRange     '0.5.7',
26 silly addNameRange     '0.5.8',
26 silly addNameRange     '0.5.9',
26 silly addNameRange     '0.6.0',
26 silly addNameRange     '0.6.1',
26 silly addNameRange     '0.6.2',
26 silly addNameRange     '0.6.3',
26 silly addNameRange     '0.7.0',
26 silly addNameRange     '0.7.1',
26 silly addNameRange     '0.7.2',
26 silly addNameRange     '0.7.3',
26 silly addNameRange     '0.8.0',
26 silly addNameRange     '0.8.1',
26 silly addNameRange     '0.8.2',
26 silly addNameRange     '0.9.0',
26 silly addNameRange     '0.9.1',
26 silly addNameRange     '1.0.0',
26 silly addNameRange     '1.1.0',
26 silly addNameRange     '2.0.0',
26 silly addNameRange     '2.0.1',
26 silly addNameRange     '2.1.0',
26 silly addNameRange     '2.1.1',
26 silly addNameRange     '2.1.2',
26 silly addNameRange     '2.1.3',
26 silly addNameRange     '2.1.4' ] ]
27 verbose addNamed [ 'jshint', '2.1.4' ]
28 verbose addNamed [ '2.1.4', '2.1.4' ]
29 silly lockFile 0f4cd910-jshint-2-1-4 jshint@2.1.4
30 verbose lock jshint@2.1.4 /home/ubuntu/.npm/0f4cd910-jshint-2-1-4.lock
31 silly lockFile 0f4cd910-jshint-2-1-4 jshint@2.1.4
32 silly lockFile 0f4cd910-jshint-2-1-4 jshint@2.1.4
33 silly lockFile a02a2468-jshint jshint@
34 silly lockFile a02a2468-jshint jshint@
35 silly resolved [ { name: 'jshint',
35 silly resolved     version: '2.1.4',
35 silly resolved     homepage: 'http://jshint.com/',
35 silly resolved     description: 'Static analysis tool for JavaScript',
35 silly resolved     author:
35 silly resolved      { name: 'Anton Kovalyov',
35 silly resolved        email: 'anton@kovalyov.net',
35 silly resolved        url: 'http://anton.kovalyov.net/' },
35 silly resolved     repository: { type: 'git', url: 'https://github.com/jshint/jshint.git' },
35 silly resolved     bugs: { url: 'https://github.com/jshint/jshint/issues' },
35 silly resolved     bin: { jshint: './bin/jshint' },
35 silly resolved     scripts:
35 silly resolved      { build: 'node ./make.js build',
35 silly resolved        test: 'node ./make.js test',
35 silly resolved        lint: 'node ./make.js lint' },
35 silly resolved     main: './src/stable/jshint.js',
35 silly resolved     dependencies:
35 silly resolved      { shelljs: '0.1.x',
35 silly resolved        underscore: '1.4.x',
35 silly resolved        cli: '0.4.x',
35 silly resolved        minimatch: '0.x.x',
35 silly resolved        'console-browserify': '0.1.x' },
35 silly resolved     devDependencies:
35 silly resolved      { jshint: '2.1.x',
35 silly resolved        shelljs: '0.1.x',
35 silly resolved        browserify: '2.12.x',
35 silly resolved        coveraje: '0.2.x',
35 silly resolved        nodeunit: '0.8.x',
35 silly resolved        sinon: '1.7.x' },
35 silly resolved     licenses: [ [Object] ],
35 silly resolved     preferGlobal: true,
35 silly resolved     readme: 'JSHint, A Static Code Analysis Tool for JavaScript\n==================================================\n[![Build Status](https://travis-ci.org/jshint/jshint.png?branch=master)](https://travis-ci.org/jshint/jshint)\n[![NPM version](https://badge.fury.io/js/jshint.png)](http://badge.fury.io/js/jshint)\n\nJSHint is a community-driven tool to detect errors and potential problems in\nJavaScript code and to enforce your team\'s coding conventions. We made JSHint\nvery flexible so you can easily adjust it to your particular coding guidelines\nand the environment you expect your code to execute in.\n\nOur goal is to help JavaScript developers write complex programs without\nworrying about typos and language gotchas.\n\nWe believe that static code analysis programs—as well as other code quality\ntools—are important and beneficial to the JavaScript community and, thus,\nshould not alienate their users.\n\nFor general usage and hacking information, visit our website:\n[http://jshint.com/](http://jshint.com/).\n\nBug Bounties\n--------------------------------\n\nSome bugs are so important to us, we will pay you if you fix them! Go to\n[our page on BountySource](https://www.bountysource.com/#trackers/48759-jshint)\nto see which bugs have bounties behind them.\n\nReally want to have something fixed but don\'t have time? You can add your\nown bounty to any JSHint bug and make it more attractive for potential\ncontributors!\n\n**Rule:** A bug is considered fixed only after it has been merged into the\nmaster branch of the main JSHint repository.\n\nReporting a bug\n---------------\n\nTo report a bug simply create a\n[new GitHub Issue](https://github.com/jshint/jshint/issues/new) and describe\nyour problem or suggestion. We welcome all kind of feedback regarding\nJSHint including but not limited to:\n\n * When JSHint doesn\'t work as expected\n * When JSHint complains about valid JavaScript code that works in all browsers\n * When you simply want a new option or feature\n\nBefore reporting a bug look around to see if there are any open or closed tickets\nthat cover your issue. And remember the wisdom: pull request > bug report > tweet.\n\n\nFAQ\n---\n\n#### How do I turn off "mixed tabs and spaces" warning?\n\nIf you\'re using so-called [smart tabs](http://www.emacswiki.org/SmartTabs)\nthen we have an option `smarttabs` for you. Otherwise, your solution is to\nrun JSHint with a custom reporter that discards any warnings you don\'t like.\nFor example, this [example reporter](https://gist.github.com/3885619)\ndiscards all warnings about mixed tabs and spaces.\n\nContributing\n------------\n\nLook for a file named `CONTRIBUTING.md` in this repository. It contains our\ncontributing guidelines. We also have\n[a mailing list](http://groups.google.com/group/jshint/).\n\nLicense\n-------\n\nJSHint is distributed under the MIT License. One file and one file only\n(src/stable/jshint.js) is distributed under the slightly modified MIT License.\n\nAttribution\n-----------\n\nCore Team members:\n\n * [Anton Kovalyov](http://anton.kovalyov.net/) ([@valueof](http://twitter.com/valueof))\n * [Wolfgang Kluge](http://klugesoftware.de/) ([blog](http://gehirnwindung.de/))\n * [Josh Perez](http://www.goatslacker.com/) ([@goatslacker](http://twitter.com/goatslacker))\n * [Brent Lintner](http://brentlintner.heroku.com/) ([@brentlintner](http://twitter.com/brentlintner))\n * [Bernard Pratz](http://i.got.nothing.to/blog/) ([@guyzmo](https://twitter.com/guyzmo))\n\nMaintainer: Anton Kovalyov\n\nThank you!\n----------\n\nWe really appreciate all kind of feedback and contributions. Thanks for using and supporting JSHint!\n',
35 silly resolved     readmeFilename: 'README.md',
35 silly resolved     _id: 'jshint@2.1.4',
35 silly resolved     _from: 'jshint@' } ]
36 info install jshint@2.1.4 into /usr/lib
37 info installOne jshint@2.1.4
38 info /usr/lib/node_modules/jshint unbuild
39 verbose tar unpack /home/ubuntu/.npm/jshint/2.1.4/package.tgz
40 silly lockFile 5d4bbf58-tar-usr-lib-node-modules-jshint tar:///usr/lib/node_modules/jshint
41 verbose lock tar:///usr/lib/node_modules/jshint /home/ubuntu/.npm/5d4bbf58-tar-usr-lib-node-modules-jshint.lock
42 silly lockFile 0109e13a-ntu-npm-jshint-2-1-4-package-tgz tar:///home/ubuntu/.npm/jshint/2.1.4/package.tgz
43 verbose lock tar:///home/ubuntu/.npm/jshint/2.1.4/package.tgz /home/ubuntu/.npm/0109e13a-ntu-npm-jshint-2-1-4-package-tgz.lock
44 silly gunzTarPerm modes [ '755', '644' ]
45 error Error: EACCES, mkdir '/usr/lib/node_modules/jshint'
45 error  { [Error: EACCES, mkdir '/usr/lib/node_modules/jshint']
45 error   errno: 3,
45 error   code: 'EACCES',
45 error   path: '/usr/lib/node_modules/jshint',
45 error   fstream_type: 'Directory',
45 error   fstream_path: '/usr/lib/node_modules/jshint',
45 error   fstream_class: 'DirWriter',
45 error   fstream_stack:
45 error    [ '/usr/lib/node_modules/npm/node_modules/fstream/lib/dir-writer.js:36:23',
45 error      '/usr/lib/node_modules/npm/node_modules/mkdirp/index.js:37:53',
45 error      'Object.oncomplete (fs.js:107:15)' ] }
46 error Please try running this command again as root/Administrator.
47 error System Linux 3.2.0-40-virtual
48 error command "/usr/bin/node" "/usr/bin/npm" "install" "-g" "jshint"
49 error cwd /home/ubuntu/bitstarter
50 error node -v v0.10.13
51 error npm -v 1.3.2
52 error path /usr/lib/node_modules/jshint
53 error fstream_path /usr/lib/node_modules/jshint
54 error fstream_type Directory
55 error fstream_class DirWriter
56 error code EACCES
57 error errno 3
58 error stack Error: EACCES, mkdir '/usr/lib/node_modules/jshint'
59 error fstream_stack /usr/lib/node_modules/npm/node_modules/fstream/lib/dir-writer.js:36:23
59 error fstream_stack /usr/lib/node_modules/npm/node_modules/mkdirp/index.js:37:53
59 error fstream_stack Object.oncomplete (fs.js:107:15)
60 verbose exit [ 3, true ]
